0 info it worked if it ends with ok
1 verbose cli [ 'node',
1 verbose cli   '/usr/local/bin/npm',
1 verbose cli   'run',
1 verbose cli   'mocha',
1 verbose cli   'specs/units/lib',
1 verbose cli   '--',
1 verbose cli   '--harmony' ]
2 info using npm@3.5.3
3 info using node@v0.12.4
4 verbose node symlink /usr/local/bin/node
5 verbose run-script [ 'premocha', 'mocha', 'postmocha' ]
6 info lifecycle meadowlark@1.0.0~premocha: meadowlark@1.0.0
7 silly lifecycle meadowlark@1.0.0~premocha: no script for premocha, continuing
8 info lifecycle meadowlark@1.0.0~mocha: meadowlark@1.0.0
9 verbose lifecycle meadowlark@1.0.0~mocha: unsafe-perm in lifecycle true
10 verbose lifecycle meadowlark@1.0.0~mocha: PATH: /usr/local/lib/node_modules/npm/bin/node-gyp-bin:/Users/captmike/projects/meadowlark/site/node_modules/.bin:/usr/local/heroku/bin:/usr/local/Cellar/vim/7.4.712/bin:/Users/captmike/.rvm/gems/ruby-2.2.2/bin:/Users/captmike/.rvm/gems/ruby-2.2.2@global/bin:/Users/captmike/.rvm/rubies/ruby-2.2.2/bin:/usr/local/bin:/usr/local/sbin:/usr/bin:/bin:/usr/sbin:/sbin:/usr/local/git/bin:/usr/local/heroku/bin:/usr/local/Cellar/vim/7.4.712/bin:/Users/captmike/.rvm/bin:/Users/captmike/.yadr/bin:/Users/captmike/.yadr/bin/yadr:/Applications/Postgres.app/Contents/Versions/9.4/bin:/Users/captmike/bin:/Applications/Postgres.app/Contents/Versions/9.4/bin:/Users/captmike/bin:/Users/captmike/.rvm/bin
11 verbose lifecycle meadowlark@1.0.0~mocha: CWD: /Users/captmike/projects/meadowlark/site
12 silly lifecycle meadowlark@1.0.0~mocha: Args: [ '-c', 'mocha "specs/units/lib" "--harmony"' ]
13 silly lifecycle meadowlark@1.0.0~mocha: Returned: code: 1  signal: null
14 info lifecycle meadowlark@1.0.0~mocha: Failed to exec mocha script
15 verbose stack Error: meadowlark@1.0.0 mocha: `mocha "specs/units/lib" "--harmony"`
15 verbose stack Exit status 1
15 verbose stack     at EventEmitter.<anonymous> (/usr/local/lib/node_modules/npm/lib/utils/lifecycle.js:232:16)
15 verbose stack     at EventEmitter.emit (events.js:110:17)
15 verbose stack     at ChildProcess.<anonymous> (/usr/local/lib/node_modules/npm/lib/utils/spawn.js:24:14)
15 verbose stack     at ChildProcess.emit (events.js:110:17)
15 verbose stack     at maybeClose (child_process.js:1015:16)
15 verbose stack     at Process.ChildProcess._handle.onexit (child_process.js:1087:5)
16 verbose pkgid meadowlark@1.0.0
17 verbose cwd /Users/captmike/projects/meadowlark/site
18 error Darwin 14.5.0
19 error argv "node" "/usr/local/bin/npm" "run" "mocha" "specs/units/lib" "--" "--harmony"
20 error node v0.12.4
21 error npm  v3.5.3
22 error code ELIFECYCLE
23 error meadowlark@1.0.0 mocha: `mocha "specs/units/lib" "--harmony"`
23 error Exit status 1
24 error Failed at the meadowlark@1.0.0 mocha script 'mocha "specs/units/lib" "--harmony"'.
24 error Make sure you have the latest version of node.js and npm installed.
24 error If you do, this is most likely a problem with the meadowlark package,
24 error not with npm itself.
24 error Tell the author that this fails on your system:
24 error     mocha "specs/units/lib" "--harmony"
24 error You can get information on how to open an issue for this project with:
24 error     npm bugs meadowlark
24 error Or if that isn't available, you can get their info via:
24 error     npm owner ls meadowlark
24 error There is likely additional logging output above.
25 verbose exit [ 1, true ]
